[2017-04-28 00:48:30][debug] begin notify!
[2017-04-28 00:48:30][debug] call back:{"appid":"wx2bd1f022d59408be","openid":"osOBlwbuCaYnq-JOH07zBWfU5ctY","mch_id":"1418186502","is_subscribe":"Y","nonce_str":"1H5yTlFNuqpxM83c","product_id":"123456789","sign":"213B19C147F32082560BB480E67C8577"}
[2017-04-28 00:48:30][debug] unifiedorder:{"appid":"wx2bd1f022d59408be","code_url":"weixin:\/\/wxpay\/bizpayurl?pr=KPeMX8V","mch_id":"1418186502","nonce_str":"67Zj8nL2jry3bdwE","prepay_id":"wx201704280048342baa13c5e00374957506","result_code":"SUCCESS","return_code":"SUCCESS","return_msg":"OK","sign":"F8C41927CB830D396FC19CB3FE817702","trade_type":"NATIVE"}
[2017-04-28 00:52:23][debug] begin notify!
[2017-04-28 00:52:23][debug] call back:{"appid":"wx2bd1f022d59408be","openid":"osOBlwbuCaYnq-JOH07zBWfU5ctY","mch_id":"1418186502","is_subscribe":"Y","nonce_str":"bu1Kf383l4qeaMdK","product_id":"123456789","sign":"A6F3435110E0A59EE9E7A97548A0084A"}
[2017-04-28 00:52:23][debug] unifiedorder:{"appid":"wx2bd1f022d59408be","code_url":"weixin:\/\/wxpay\/bizpayurl?pr=3YlL1bm","mch_id":"1418186502","nonce_str":"cwGArUHnP5j6dX0Y","prepay_id":"wx201704280052277df01faef20560473488","result_code":"SUCCESS","return_code":"SUCCESS","return_msg":"OK","sign":"46A33A99E23AA34701A3E928EA235AB9","trade_type":"NATIVE"}
[2017-04-28 00:54:52][debug] begin notify
[2017-04-28 00:54:52][debug] call back:{"appid":"wx2bd1f022d59408be","attach":"test","bank_type":"CFT","cash_fee":"1","fee_type":"CNY","is_subscribe":"N","mch_id":"1418186502","nonce_str":"vwultgniqke90ettafufkgxfggvtmb1c","openid":"osOBlwSzDwsa58phywQfvQAnr2E4","out_trade_no":"141818650220170428004721","result_code":"SUCCESS","return_code":"SUCCESS","sign":"112163721B08A9D5AC44F4A011041742","time_end":"20170428005452","total_fee":"1","trade_type":"NATIVE","transaction_id":"4003182001201704288600273473"}
[2017-04-28 00:54:52][debug] query:{"appid":"wx2bd1f022d59408be","attach":"test","bank_type":"CFT","cash_fee":"1","fee_type":"CNY","is_subscribe":"N","mch_id":"1418186502","nonce_str":"AhGzBRRB5hqoGp6f","openid":"osOBlwSzDwsa58phywQfvQAnr2E4","out_trade_no":"141818650220170428004721","result_code":"SUCCESS","return_code":"SUCCESS","return_msg":"OK","sign":"6B78115D63AE2CE6E908684FE5118BD3","time_end":"20170428005452","total_fee":"1","trade_state":"SUCCESS","trade_type":"NATIVE","transaction_id":"4003182001201704288600273473"}
[2017-04-28 00:55:02][debug] begin notify
[2017-04-28 00:55:02][debug] call back:{"appid":"wx2bd1f022d59408be","attach":"test","bank_type":"CFT","cash_fee":"1","fee_type":"CNY","is_subscribe":"N","mch_id":"1418186502","nonce_str":"vwultgniqke90ettafufkgxfggvtmb1c","openid":"osOBlwSzDwsa58phywQfvQAnr2E4","out_trade_no":"141818650220170428004721","result_code":"SUCCESS","return_code":"SUCCESS","sign":"112163721B08A9D5AC44F4A011041742","time_end":"20170428005452","total_fee":"1","trade_type":"NATIVE","transaction_id":"4003182001201704288600273473"}
[2017-04-28 00:55:03][debug] query:{"appid":"wx2bd1f022d59408be","attach":"test","bank_type":"CFT","cash_fee":"1","fee_type":"CNY","is_subscribe":"N","mch_id":"1418186502","nonce_str":"bkuX9czWExleVXrp","openid":"osOBlwSzDwsa58phywQfvQAnr2E4","out_trade_no":"141818650220170428004721","result_code":"SUCCESS","return_code":"SUCCESS","return_msg":"OK","sign":"894DE01BCDE6A37BE78C3AED07C49148","time_end":"20170428005452","total_fee":"1","trade_state":"SUCCESS","trade_type":"NATIVE","transaction_id":"4003182001201704288600273473"}
[2017-04-28 00:58:34][debug] begin notify!
[2017-04-28 00:58:34][debug] call back:{"appid":"wx2bd1f022d59408be","openid":"osOBlwSzDwsa58phywQfvQAnr2E4","mch_id":"1418186502","is_subscribe":"N","nonce_str":"hjb6GBGFZbbala5i","product_id":"123456789","sign":"7D1AB8CD41E9020B41A5AF695C34BA0D"}
[2017-04-28 00:58:35][debug] unifiedorder:{"appid":"wx2bd1f022d59408be","code_url":"weixin:\/\/wxpay\/bizpayurl?pr=SWrfJlV","mch_id":"1418186502","nonce_str":"0yrp6sElIc9jMzZq","prepay_id":"wx20170428005839728dd8be980871417228","result_code":"SUCCESS","return_code":"SUCCESS","return_msg":"OK","sign":"447F1F7736A80CC11134A323F27D7A84","trade_type":"NATIVE"}
[2017-04-28 00:59:55][debug] begin notify!
[2017-04-28 00:59:55][debug] call back:{"appid":"wx2bd1f022d59408be","openid":"osOBlwbuCaYnq-JOH07zBWfU5ctY","mch_id":"1418186502","is_subscribe":"Y","nonce_str":"caEs0qXDl2k06QWr","product_id":"123456789","sign":"919B2AF96649BA89225FE4ED032BDDEE"}
[2017-04-28 00:59:56][debug] unifiedorder:{"appid":"wx2bd1f022d59408be","code_url":"weixin:\/\/wxpay\/bizpayurl?pr=o2bpSyl","mch_id":"1418186502","nonce_str":"wIQu9toMkdQy5Jic","prepay_id":"wx20170428005959dabcf4cbbd0716491405","result_code":"SUCCESS","return_code":"SUCCESS","return_msg":"OK","sign":"4E00A70264C66E5FC4F1094D08959429","trade_type":"NATIVE"}
[2017-04-28 01:00:41][debug] begin notify!
[2017-04-28 01:00:41][debug] call back:{"appid":"wx2bd1f022d59408be","openid":"osOBlwbuCaYnq-JOH07zBWfU5ctY","mch_id":"1418186502","is_subscribe":"Y","nonce_str":"jQVRUL0HnweE96qD","product_id":"123456789","sign":"157AD47CCBD51FABEF5A505ACD14540F"}
[2017-04-28 01:00:42][debug] unifiedorder:{"appid":"wx2bd1f022d59408be","code_url":"weixin:\/\/wxpay\/bizpayurl?pr=qXJrLlK","mch_id":"1418186502","nonce_str":"M8WBjIK6EbaDl7qz","prepay_id":"wx201704280100460e728696c70733766774","result_code":"SUCCESS","return_code":"SUCCESS","return_msg":"OK","sign":"CD71F5BF74F9B6F8941E761055995A34","trade_type":"NATIVE"}
[2017-04-28 01:00:51][debug] begin notify!
[2017-04-28 01:00:51][debug] call back:{"appid":"wx2bd1f022d59408be","openid":"osOBlwbuCaYnq-JOH07zBWfU5ctY","mch_id":"1418186502","is_subscribe":"Y","nonce_str":"b1vQp0J1POMxhkIV","product_id":"123456789","sign":"F6CEF82765DC0AA89C5527FE6AEB6B17"}
[2017-04-28 01:00:52][debug] unifiedorder:{"appid":"wx2bd1f022d59408be","code_url":"weixin:\/\/wxpay\/bizpayurl?pr=HpqAf1I","mch_id":"1418186502","nonce_str":"am0pM8xbBNMYUCkU","prepay_id":"wx20170428010055c08884b57f0911018970","result_code":"SUCCESS","return_code":"SUCCESS","return_msg":"OK","sign":"3693E4149E5FA3B5FC1D7CDE811AECA1","trade_type":"NATIVE"}
[2017-04-28 01:02:28][debug] begin notify
[2017-04-28 01:02:28][debug] call back:{"appid":"wx2bd1f022d59408be","attach":"test","bank_type":"ICBC_DEBIT","cash_fee":"1","fee_type":"CNY","is_subscribe":"Y","mch_id":"1418186502","nonce_str":"il6hjfrbhopulla2eo6h0qevh6uic27m","openid":"osOBlwbuCaYnq-JOH07zBWfU5ctY","out_trade_no":"141818650220170428010147","result_code":"SUCCESS","return_code":"SUCCESS","sign":"B8A35B71EB876B47AB1DB59DB5615EE9","time_end":"20170428010230","total_fee":"1","trade_type":"NATIVE","transaction_id":"4007762001201704288604420577"}
[2017-04-28 01:02:28][debug] query:{"appid":"wx2bd1f022d59408be","attach":"test","bank_type":"ICBC_DEBIT","cash_fee":"1","fee_type":"CNY","is_subscribe":"Y","mch_id":"1418186502","nonce_str":"iv3x9CFpkxMJhHsE","openid":"osOBlwbuCaYnq-JOH07zBWfU5ctY","out_trade_no":"141818650220170428010147","result_code":"SUCCESS","return_code":"SUCCESS","return_msg":"OK","sign":"F7989C1D8D4D8F29B01D3F99055DDA81","time_end":"20170428010230","total_fee":"1","trade_state":"SUCCESS","trade_type":"NATIVE","transaction_id":"4007762001201704288604420577"}
[2017-04-28 11:16:19][debug] begin notify!
[2017-04-28 11:16:19][debug] call back:{"appid":"wx2bd1f022d59408be","openid":"osOBlwbuCaYnq-JOH07zBWfU5ctY","mch_id":"1418186502","is_subscribe":"Y","nonce_str":"TVICgFQ03cmd8I3q","product_id":"123456789","sign":"6336D9C4D9ECF2771DF10E81825F0DBB"}
[2017-04-28 11:16:19][debug] unifiedorder:{"appid":"wx2bd1f022d59408be","code_url":"weixin:\/\/wxpay\/bizpayurl?pr=4iWk0H7","mch_id":"1418186502","nonce_str":"3Ghb6BjBPRF54XUL","prepay_id":"wx201704281116245334ded9fe0352162087","result_code":"SUCCESS","return_code":"SUCCESS","return_msg":"OK","sign":"E6AE0810D4D34E1F9171A0776A054704","trade_type":"NATIVE"}
[2017-04-28 11:17:18][debug] begin notify!
[2017-04-28 11:17:18][debug] call back:{"appid":"wx2bd1f022d59408be","openid":"osOBlwbuCaYnq-JOH07zBWfU5ctY","mch_id":"1418186502","is_subscribe":"Y","nonce_str":"DvEcKp3zmYB44ccf","product_id":"123456789","sign":"285B44756B9C7F51229FC4E90B7BF9EE"}
[2017-04-28 11:17:18][debug] unifiedorder:{"appid":"wx2bd1f022d59408be","code_url":"weixin:\/\/wxpay\/bizpayurl?pr=eVDgIe9","mch_id":"1418186502","nonce_str":"jRIClYxAMSiGTRQ3","prepay_id":"wx201704281117234e4d483b3b0022868293","result_code":"SUCCESS","return_code":"SUCCESS","return_msg":"OK","sign":"CC2A5DA62353F1CCB7B843E03F4A124A","trade_type":"NATIVE"}
[2017-04-28 11:17:55][debug] begin notify!
[2017-04-28 11:17:55][debug] call back:{"appid":"wx2bd1f022d59408be","openid":"osOBlwbuCaYnq-JOH07zBWfU5ctY","mch_id":"1418186502","is_subscribe":"Y","nonce_str":"UhkPpIJoRudUKc9p","product_id":"123456789","sign":"A4725540A14DF9FC99913979EDBC8467"}
[2017-04-28 11:17:55][debug] begin notify!
[2017-04-28 11:17:55][debug] call back:{"appid":"wx2bd1f022d59408be","openid":"osOBlwbuCaYnq-JOH07zBWfU5ctY","mch_id":"1418186502","is_subscribe":"Y","nonce_str":"qE94OcNAh3KShAuD","product_id":"123456789","sign":"6AEF0DEC96B6CF30B7D109C63F49BF89"}
[2017-04-28 11:17:55][debug] unifiedorder:{"appid":"wx2bd1f022d59408be","code_url":"weixin:\/\/wxpay\/bizpayurl?pr=hWard5Y","mch_id":"1418186502","nonce_str":"aZYgG20gU93gBOns","prepay_id":"wx2017042811180072a4ef64810259768769","result_code":"SUCCESS","return_code":"SUCCESS","return_msg":"OK","sign":"3F958946B69E4BF397CEBD29ECBE6D89","trade_type":"NATIVE"}
[2017-04-28 11:17:55][debug] unifiedorder:{"appid":"wx2bd1f022d59408be","code_url":"weixin:\/\/wxpay\/bizpayurl?pr=VeMTZYn","mch_id":"1418186502","nonce_str":"TeZ9FLDGB1TQ1Fk2","prepay_id":"wx2017042811180072a4ef64810615318155","result_code":"SUCCESS","return_code":"SUCCESS","return_msg":"OK","sign":"04923F1F8EF30F599D8E5D8047386292","trade_type":"NATIVE"}
[2017-04-28 11:18:46][debug] begin notify!
[2017-04-28 11:18:46][debug] call back:{"appid":"wx2bd1f022d59408be","openid":"osOBlwbuCaYnq-JOH07zBWfU5ctY","mch_id":"1418186502","is_subscribe":"Y","nonce_str":"nefPYnfFRlHmaryw","product_id":"123456789","sign":"FCBD23654733DABA75E284ED34D28C52"}
[2017-04-28 11:18:47][debug] unifiedorder:{"appid":"wx2bd1f022d59408be","code_url":"weixin:\/\/wxpay\/bizpayurl?pr=cPahsV9","mch_id":"1418186502","nonce_str":"bCRiYPNPeITe17Rx","prepay_id":"wx201704281118524e333caa230493271327","result_code":"SUCCESS","return_code":"SUCCESS","return_msg":"OK","sign":"D3333E7FD77206EBB7C10278E6DE61B4","trade_type":"NATIVE"}
